2024-05-15,17:35:28 | INFO | Running with a single process. Device cuda:0.
2024-05-15,17:35:28 | INFO | Loaded ViT-B-32-quickgelu model config.
2024-05-15,17:35:28 | INFO | zhuoyan: CLIP
2024-05-15,17:35:32 | INFO | Loading pretrained ViT-B-32-quickgelu weights (laion400m_e32).
2024-05-15,17:35:32 | INFO | Model:
2024-05-15,17:35:32 | INFO | CLIP(
  (visual): ada_VisionTransformer(
    (conv1): Conv2d(3, 768, kernel_size=(32, 32), stride=(32, 32), bias=False)
    (patch_dropout): Identity()
    (ln_pre): LayerNorm((768,), eps=1e-05, elementwise_affine=True)
    (transformer): ada_Transformer(
      (resblocks): ModuleList(
        (0-11): 12 x ada_ResidualAttentionBlock(
          (ln_1): LayerNorm((768,), eps=1e-05, elementwise_affine=True)
          (attn): MultiheadAttention(
            (out_proj): NonDynamicallyQuantizableLinear(in_features=768, out_features=768, bias=True)
          )
          (ls_1): Identity()
          (ln_2): LayerNorm((768,), eps=1e-05, elementwise_affine=True)
          (mlp): Sequential(
            (c_fc): Linear(in_features=768, out_features=3072, bias=True)
            (gelu): QuickGELU()
            (c_proj): Linear(in_features=3072, out_features=768, bias=True)
          )
          (ls_2): Identity()
        )
      )
    )
    (ln_post): LayerNorm((768,), eps=1e-05, elementwise_affine=True)
  )
  (transformer): Transformer(
    (resblocks): ModuleList(
      (0-11): 12 x ResidualAttentionBlock(
        (ln_1): LayerNorm((512,), eps=1e-05, elementwise_affine=True)
        (attn): MultiheadAttention(
          (out_proj): NonDynamicallyQuantizableLinear(in_features=512, out_features=512, bias=True)
        )
        (ls_1): Identity()
        (ln_2): LayerNorm((512,), eps=1e-05, elementwise_affine=True)
        (mlp): Sequential(
          (c_fc): Linear(in_features=512, out_features=2048, bias=True)
          (gelu): QuickGELU()
          (c_proj): Linear(in_features=2048, out_features=512, bias=True)
        )
        (ls_2): Identity()
      )
    )
  )
  (token_embedding): Embedding(49408, 512)
  (ln_final): LayerNorm((512,), eps=1e-05, elementwise_affine=True)
)
2024-05-15,17:35:32 | INFO | Params:
2024-05-15,17:35:32 | INFO |   accum_freq: 1
2024-05-15,17:35:32 | INFO |   aug_cfg: {}
2024-05-15,17:35:32 | INFO |   batch_size: 64
2024-05-15,17:35:32 | INFO |   beta1: 0.9
2024-05-15,17:35:32 | INFO |   beta2: 0.98
2024-05-15,17:35:32 | INFO |   checkpoint_path: ./logs/eps3_1gpu/checkpoints
2024-05-15,17:35:32 | INFO |   coca_caption_loss_weight: 2.0
2024-05-15,17:35:32 | INFO |   coca_contrastive_loss_weight: 1.0
2024-05-15,17:35:32 | INFO |   copy_codebase: False
2024-05-15,17:35:32 | INFO |   csv_caption_key: title
2024-05-15,17:35:32 | INFO |   csv_img_key: filepath
2024-05-15,17:35:32 | INFO |   csv_separator: 	
2024-05-15,17:35:32 | INFO |   dataset_resampled: False
2024-05-15,17:35:32 | INFO |   dataset_type: auto
2024-05-15,17:35:32 | INFO |   ddp_static_graph: False
2024-05-15,17:35:32 | INFO |   debug: False
2024-05-15,17:35:32 | INFO |   delete_previous_checkpoint: False
2024-05-15,17:35:32 | INFO |   device: cuda:0
2024-05-15,17:35:32 | INFO |   dist_backend: nccl
2024-05-15,17:35:32 | INFO |   dist_url: env://
2024-05-15,17:35:32 | INFO |   distill: False
2024-05-15,17:35:32 | INFO |   distill_model: None
2024-05-15,17:35:32 | INFO |   distill_pretrained: None
2024-05-15,17:35:32 | INFO |   distributed: False
2024-05-15,17:35:32 | INFO |   epochs: 3
2024-05-15,17:35:32 | INFO |   epochs_cooldown: None
2024-05-15,17:35:32 | INFO |   eps: 1e-06
2024-05-15,17:35:32 | INFO |   force_custom_text: False
2024-05-15,17:35:32 | INFO |   force_image_size: None
2024-05-15,17:35:32 | INFO |   force_patch_dropout: None
2024-05-15,17:35:32 | INFO |   force_quick_gelu: False
2024-05-15,17:35:32 | INFO |   gather_with_grad: False
2024-05-15,17:35:32 | INFO |   gpu: 1
2024-05-15,17:35:32 | INFO |   grad_checkpointing: False
2024-05-15,17:35:32 | INFO |   grad_clip_norm: None
2024-05-15,17:35:32 | INFO |   horovod: False
2024-05-15,17:35:32 | INFO |   image_interpolation: None
2024-05-15,17:35:32 | INFO |   image_mean: None
2024-05-15,17:35:32 | INFO |   image_resize_mode: None
2024-05-15,17:35:32 | INFO |   image_std: None
2024-05-15,17:35:32 | INFO |   imagenet_train: data/imagenet/train
2024-05-15,17:35:32 | INFO |   imagenet_v2: None
2024-05-15,17:35:32 | INFO |   imagenet_val: data/imagenet/val
2024-05-15,17:35:32 | INFO |   local_loss: False
2024-05-15,17:35:32 | INFO |   local_rank: 0
2024-05-15,17:35:32 | INFO |   lock_image: False
2024-05-15,17:35:32 | INFO |   lock_image_freeze_bn_stats: False
2024-05-15,17:35:32 | INFO |   lock_image_unlocked_groups: 0
2024-05-15,17:35:32 | INFO |   lock_text: False
2024-05-15,17:35:32 | INFO |   lock_text_freeze_layer_norm: False
2024-05-15,17:35:32 | INFO |   lock_text_unlocked_layers: 0
2024-05-15,17:35:32 | INFO |   log_every_n_steps: 100
2024-05-15,17:35:32 | INFO |   log_level: 20
2024-05-15,17:35:32 | INFO |   log_local: False
2024-05-15,17:35:32 | INFO |   log_path: ./logs/eps3_1gpu/out.log
2024-05-15,17:35:32 | INFO |   logs: ./logs/
2024-05-15,17:35:32 | INFO |   lr: 0.001
2024-05-15,17:35:32 | INFO |   lr_cooldown_end: 0.0
2024-05-15,17:35:32 | INFO |   lr_cooldown_power: 1.0
2024-05-15,17:35:32 | INFO |   lr_scheduler: cosine
2024-05-15,17:35:32 | INFO |   model: ViT-B-32-quickgelu
2024-05-15,17:35:32 | INFO |   name: eps3_1gpu
2024-05-15,17:35:32 | INFO |   no_set_device_rank: False
2024-05-15,17:35:32 | INFO |   num_latency: 3
2024-05-15,17:35:32 | INFO |   precision: amp
2024-05-15,17:35:32 | INFO |   pretrained: laion400m_e32
2024-05-15,17:35:32 | INFO |   pretrained_image: False
2024-05-15,17:35:32 | INFO |   rank: 0
2024-05-15,17:35:32 | INFO |   remote_sync: None
2024-05-15,17:35:32 | INFO |   remote_sync_frequency: 300
2024-05-15,17:35:32 | INFO |   remote_sync_protocol: s3
2024-05-15,17:35:32 | INFO |   report_to: wandb
2024-05-15,17:35:32 | INFO |   resume: None
2024-05-15,17:35:32 | INFO |   save_frequency: 1
2024-05-15,17:35:32 | INFO |   save_most_recent: False
2024-05-15,17:35:32 | INFO |   seed: 0
2024-05-15,17:35:32 | INFO |   siglip: False
2024-05-15,17:35:32 | INFO |   skip_scheduler: False
2024-05-15,17:35:32 | INFO |   tensorboard: False
2024-05-15,17:35:32 | INFO |   tensorboard_path: 
2024-05-15,17:35:32 | INFO |   torchcompile: False
2024-05-15,17:35:32 | INFO |   torchscript: False
2024-05-15,17:35:32 | INFO |   trace: False
2024-05-15,17:35:32 | INFO |   train_data: None
2024-05-15,17:35:32 | INFO |   train_data_upsampling_factors: None
2024-05-15,17:35:32 | INFO |   train_num_samples: None
2024-05-15,17:35:32 | INFO |   use_bn_sync: False
2024-05-15,17:35:32 | INFO |   use_bnb_linear: None
2024-05-15,17:35:32 | INFO |   val_data: None
2024-05-15,17:35:32 | INFO |   val_frequency: 1
2024-05-15,17:35:32 | INFO |   val_num_samples: None
2024-05-15,17:35:32 | INFO |   wandb: True
2024-05-15,17:35:32 | INFO |   wandb_notes: 
2024-05-15,17:35:32 | INFO |   wandb_project_name: openclip_ft
2024-05-15,17:35:32 | INFO |   warmup: 10000
2024-05-15,17:35:32 | INFO |   wd: 0.1
2024-05-15,17:35:32 | INFO |   workers: 8
2024-05-15,17:35:32 | INFO |   world_size: 1
2024-05-15,17:35:32 | INFO |   zeroshot_frequency: 1
